Using simple runtime classpath (target/classes)

Running mvn test...
[INFO] Scanning for projects...
[INFO] 
[INFO] -------------------------< org.example:stage1 >-------------------------
[INFO] Building stage1 1.0-SNAPSHOT
[INFO]   from pom.xml
[INFO] --------------------------------[ jar ]---------------------------------
[INFO] 
[INFO] --- resources:3.3.1:resources (default-resources) @ stage1 ---
[INFO] skip non existing resourceDirectory /Users/yaacovneuer/CompSci/Jacob_Neuer_800691050/com3800/stage5/src/main/resources
[INFO] 
[INFO] --- compiler:3.13.0:compile (default-compile) @ stage1 ---
[INFO] Nothing to compile - all classes are up to date.
[INFO] 
[INFO] --- resources:3.3.1:testResources (default-testResources) @ stage1 ---
[INFO] skip non existing resourceDirectory /Users/yaacovneuer/CompSci/Jacob_Neuer_800691050/com3800/stage5/src/test/resources
[INFO] 
[INFO] --- compiler:3.13.0:testCompile (default-testCompile) @ stage1 ---
[INFO] Recompiling the module because of changed source code.
[INFO] Compiling 6 source files with javac [debug release 21] to target/test-classes
[INFO] /Users/yaacovneuer/CompSci/Jacob_Neuer_800691050/com3800/stage5/src/test/java/edu/yu/cs/com3800/stage5/GatewayServerTest.java: Some input files use or override a deprecated API.
[INFO] /Users/yaacovneuer/CompSci/Jacob_Neuer_800691050/com3800/stage5/src/test/java/edu/yu/cs/com3800/stage5/GatewayServerTest.java: Recompile with -Xlint:deprecation for details.
[INFO] 
[INFO] --- surefire:3.2.5:test (default-test) @ stage1 ---
[INFO] Using auto detected provider org.apache.maven.surefire.junitplatform.JUnitPlatformProvider
[INFO] 
[INFO] -------------------------------------------------------
[INFO]  T E S T S
[INFO] -------------------------------------------------------
[INFO] Running edu.yu.cs.com3800.stage5.NewGatewayServerTest
Jan 07, 2026 12:22:28 AM edu.yu.cs.com3800.stage5.PeerServerImpl <init>
INFO: PeerServer 1 constructed
Jan 07, 2026 12:22:28 AM edu.yu.cs.com3800.stage5.PeerServerImpl <init>
INFO: PeerServer 2 constructed
Jan 07, 2026 12:22:28 AM edu.yu.cs.com3800.stage5.PeerServerImpl <init>
INFO: PeerServer 3 constructed
Jan 07, 2026 12:22:28 AM edu.yu.cs.com3800.stage5.PeerServerImpl <init>
INFO: PeerServer 0 constructed
0: switching from LOOKING to OBSERVER
Jan 07, 2026 12:22:28 AM edu.yu.cs.com3800.stage5.PeerServerImpl setPeerState
INFO: 0: switching from LOOKING to OBSERVER
Jan 07, 2026 12:22:28 AM edu.yu.cs.com3800.stage5.PeerServerImpl startHttpStatusServer
INFO: Peer 3 HTTP status server started on port 8135
Jan 07, 2026 12:22:28 AM edu.yu.cs.com3800.stage5.GatewayServer run
INFO: GatewayServer thread started.
Jan 07, 2026 12:22:28 AM edu.yu.cs.com3800.stage5.PeerServerImpl startHttpStatusServer
INFO: Peer 2 HTTP status server started on port 8125
Jan 07, 2026 12:22:28 AM edu.yu.cs.com3800.stage5.PeerServerImpl startHttpStatusServer
INFO: Peer 1 HTTP status server started on port 8115
Jan 07, 2026 12:22:28 AM edu.yu.cs.com3800.stage5.PeerServerImpl startHttpStatusServer
INFO: Peer 0 HTTP status server started on port 8145
Jan 07, 2026 12:22:28 AM edu.yu.cs.com3800.stage5.GossipSenderThread run
INFO: GossipThread for 3 started.
Jan 07, 2026 12:22:28 AM edu.yu.cs.com3800.stage5.GossipSenderThread run
INFO: GossipThread for 1 started.
Jan 07, 2026 12:22:28 AM edu.yu.cs.com3800.stage5.GossipSenderThread run
INFO: GossipThread for 2 started.
Jan 07, 2026 12:22:28 AM edu.yu.cs.com3800.stage5.GossipSenderThread run
INFO: GossipThread for 0 started.
Jan 07, 2026 12:22:28 AM edu.yu.cs.com3800.LeaderElection observeElectionAsGateway
INFO: Observer: watching election traffic…
2: switching from LOOKING to FOLLOWING
Jan 07, 2026 12:22:31 AM edu.yu.cs.com3800.stage5.PeerServerImpl setPeerState
INFO: 2: switching from LOOKING to FOLLOWING
Jan 07, 2026 12:22:31 AM edu.yu.cs.com3800.LeaderElection acceptElectionWinner
INFO: Server 2 accepted election winner: leader=3, epoch=0, state=FOLLOWING
1: switching from LOOKING to FOLLOWING
3: switching from LOOKING to LEADING
Jan 07, 2026 12:22:31 AM edu.yu.cs.com3800.stage5.PeerServerImpl setPeerState
INFO: 1: switching from LOOKING to FOLLOWING
Jan 07, 2026 12:22:31 AM edu.yu.cs.com3800.LeaderElection acceptElectionWinner
INFO: Server 1 accepted election winner: leader=3, epoch=0, state=FOLLOWING
Jan 07, 2026 12:22:31 AM edu.yu.cs.com3800.stage5.PeerServerImpl setPeerState
INFO: 3: switching from LOOKING to LEADING
Jan 07, 2026 12:22:31 AM edu.yu.cs.com3800.LeaderElection acceptElectionWinner
INFO: Server 3 accepted election winner: leader=3, epoch=0, state=LEADING
Jan 07, 2026 12:22:31 AM edu.yu.cs.com3800.LeaderElection observeElectionAsGateway
INFO: Observer: saw FOLLOWING message indicating leader 3
0: switching from OBSERVER to OBSERVER
Jan 07, 2026 12:22:31 AM edu.yu.cs.com3800.stage5.PeerServerImpl setPeerState
INFO: 0: switching from OBSERVER to OBSERVER
Jan 07, 2026 12:22:31 AM edu.yu.cs.com3800.stage5.TCPServer <init>
INFO: TCPServer initialized.
Jan 07, 2026 12:22:31 AM edu.yu.cs.com3800.stage5.PeerServerImpl startLeaderThread
INFO: Server 3 started TCPServer.
Jan 07, 2026 12:22:31 AM edu.yu.cs.com3800.LeaderElection finalizeObserverVote
INFO: Observer has learned the leader: 3 (epoch 0)
Jan 07, 2026 12:22:31 AM edu.yu.cs.com3800.stage5.PeerServerImpl recoveryPullPhase
INFO: 3: starting recovery pull phase
Jan 07, 2026 12:22:31 AM edu.yu.cs.com3800.stage5.PeerServerImpl recoveryPullPhase
INFO: Attempting recovery pull from follower 1
Jan 07, 2026 12:22:31 AM edu.yu.cs.com3800.stage5.TCPServer run
INFO: TCPServer started. Listening on port 8032
Jan 07, 2026 12:22:31 AM edu.yu.cs.com3800.stage5.PeerServerImpl recoveryPullPhase
INFO: Recovery pull from follower 1 failed (attempt 0), retrying...
Jan 07, 2026 12:22:31 AM edu.yu.cs.com3800.stage5.PeerServerImpl startFollowerThread
INFO: Server 2: Started JavaRunnerFollower thread.
Jan 07, 2026 12:22:31 AM edu.yu.cs.com3800.stage5.JavaRunnerFollower run
INFO: JavaRunnerFollower started. Listening on TCP port 8012
Jan 07, 2026 12:22:31 AM edu.yu.cs.com3800.stage5.PeerServerImpl startFollowerThread
INFO: Server 1: Started JavaRunnerFollower thread.
Jan 07, 2026 12:22:31 AM edu.yu.cs.com3800.stage5.JavaRunnerFollower run
INFO: JavaRunnerFollower started. Listening on TCP port 8022
Jan 07, 2026 12:22:31 AM edu.yu.cs.com3800.stage5.GatewayServer markLeaderAlive
INFO: Leader elected: 3
Jan 07, 2026 12:22:32 AM edu.yu.cs.com3800.stage5.JavaRunnerFollower handleRecoveryRequest
INFO: No cached work to recover for new leader at port 8012
Jan 07, 2026 12:22:32 AM edu.yu.cs.com3800.stage5.PeerServerImpl recoveryPullPhase
INFO: No completed work to recover from follower 1
Jan 07, 2026 12:22:32 AM edu.yu.cs.com3800.stage5.PeerServerImpl recoveryPullPhase
INFO: Attempting recovery pull from follower 2
Jan 07, 2026 12:22:33 AM edu.yu.cs.com3800.stage5.JavaRunnerFollower handleRecoveryRequest
INFO: No cached work to recover for new leader at port 8022
Jan 07, 2026 12:22:33 AM edu.yu.cs.com3800.stage5.PeerServerImpl recoveryPullPhase
INFO: No completed work to recover from follower 2
Jan 07, 2026 12:22:33 AM edu.yu.cs.com3800.stage5.PeerServerImpl recoveryPullPhase
INFO: 3: recovery pull phase complete
Jan 07, 2026 12:22:33 AM edu.yu.cs.com3800.stage5.RoundRobinLeader <init>
INFO: RoundRobinLeader initialized.
Jan 07, 2026 12:22:33 AM edu.yu.cs.com3800.stage5.RoundRobinLeader <init>
INFO: Adding worker 1 at localhost/127.0.0.1:8010
Jan 07, 2026 12:22:33 AM edu.yu.cs.com3800.stage5.RoundRobinLeader <init>
INFO: Adding worker 2 at localhost/127.0.0.1:8020
Jan 07, 2026 12:22:33 AM edu.yu.cs.com3800.stage5.PeerServerImpl startLeaderThread
INFO: Server 3 started Leader workers (TCPServer + RoundRobinLeader)
Jan 07, 2026 12:22:34 AM edu.yu.cs.com3800.stage5.GossipSenderThread run
INFO: GossipSenderThread for 1 shutting down.
Jan 07, 2026 12:22:34 AM edu.yu.cs.com3800.stage5.FailureDetectorThread run
INFO: FailureDetectorThread for 1 shutting down.
Jan 07, 2026 12:22:34 AM edu.yu.cs.com3800.stage5.GossipReceiverThread run
INFO: GossipReceiverThread for 1 shutting down.
Jan 07, 2026 12:22:34 AM edu.yu.cs.com3800.stage5.PeerServerImpl stopFollowerThread
INFO: Server 1: Stopped JavaRunnerFollower thread.
Jan 07, 2026 12:22:34 AM edu.yu.cs.com3800.UDPMessageSender run
SEVERE: Exiting UDPMessageSender.run()
Jan 07, 2026 12:22:34 AM edu.yu.cs.com3800.stage5.PeerServerImpl shutdown
INFO: Server 1 shutting down.
Jan 07, 2026 12:22:34 AM edu.yu.cs.com3800.stage5.GossipSenderThread run
INFO: GossipSenderThread for 2 shutting down.
Jan 07, 2026 12:22:34 AM edu.yu.cs.com3800.stage5.PeerServerImpl stopFollowerThread
INFO: Server 2: Stopped JavaRunnerFollower thread.
Jan 07, 2026 12:22:34 AM edu.yu.cs.com3800.stage5.FailureDetectorThread run
INFO: FailureDetectorThread for 2 shutting down.
Jan 07, 2026 12:22:34 AM edu.yu.cs.com3800.stage5.GossipReceiverThread run
INFO: GossipReceiverThread for 2 shutting down.
Jan 07, 2026 12:22:34 AM edu.yu.cs.com3800.UDPMessageSender run
SEVERE: Exiting UDPMessageSender.run()
Jan 07, 2026 12:22:34 AM edu.yu.cs.com3800.stage5.PeerServerImpl shutdown
INFO: Server 2 shutting down.
Jan 07, 2026 12:22:34 AM edu.yu.cs.com3800.stage5.FailureDetectorThread run
INFO: FailureDetectorThread for 3 shutting down.
Jan 07, 2026 12:22:34 AM edu.yu.cs.com3800.stage5.GossipSenderThread run
INFO: GossipSenderThread for 3 shutting down.
Jan 07, 2026 12:22:34 AM edu.yu.cs.com3800.stage5.GossipReceiverThread run
INFO: GossipReceiverThread for 3 shutting down.
Jan 07, 2026 12:22:34 AM edu.yu.cs.com3800.stage5.PeerServerImpl stopLeaderThread
INFO: Server 3: Stopped RoundRobinLeader thread.
Jan 07, 2026 12:22:34 AM edu.yu.cs.com3800.UDPMessageSender run
SEVERE: Exiting UDPMessageSender.run()
Jan 07, 2026 12:22:34 AM edu.yu.cs.com3800.stage5.PeerServerImpl shutdown
INFO: Server 3 shutting down.
Jan 07, 2026 12:22:34 AM edu.yu.cs.com3800.stage5.GatewayServer shutdown
INFO: Shutting down NewGatewayServer
Jan 07, 2026 12:22:34 AM edu.yu.cs.com3800.stage5.GatewayServer shutdown
INFO: HTTP server stopped.
Jan 07, 2026 12:22:34 AM edu.yu.cs.com3800.stage5.GatewayServer shutdown
INFO: HTTP thread pool shut down.
Jan 07, 2026 12:22:34 AM edu.yu.cs.com3800.UDPMessageSender run
SEVERE: Exiting UDPMessageSender.run()
Jan 07, 2026 12:22:34 AM edu.yu.cs.com3800.stage5.GossipReceiverThread run
INFO: GossipReceiverThread for 0 shutting down.
Jan 07, 2026 12:22:34 AM edu.yu.cs.com3800.stage5.GossipSenderThread run
INFO: GossipSenderThread for 0 shutting down.
Jan 07, 2026 12:22:34 AM edu.yu.cs.com3800.stage5.PeerServerImpl shutdown
INFO: Server 0 shutting down.
Jan 07, 2026 12:22:34 AM edu.yu.cs.com3800.stage5.FailureDetectorThread run
INFO: FailureDetectorThread for 0 shutting down.
Jan 07, 2026 12:22:34 AM edu.yu.cs.com3800.stage5.GatewayServer shutdown
INFO: GatewayPeerServerImpl shut down.
Jan 07, 2026 12:22:34 AM edu.yu.cs.com3800.stage5.GatewayServer shutdown
INFO: GatewayServer shutdown complete.
Jan 07, 2026 12:22:34 AM edu.yu.cs.com3800.stage5.PeerServerImpl shutdown
INFO: Server 0 shutting down.
Jan 07, 2026 12:22:34 AM edu.yu.cs.com3800.stage5.PeerServerImpl shutdown
INFO: Server 3 shutting down.
Jan 07, 2026 12:22:34 AM edu.yu.cs.com3800.stage5.PeerServerImpl <init>
INFO: PeerServer 1 constructed
Jan 07, 2026 12:22:34 AM edu.yu.cs.com3800.stage5.PeerServerImpl <init>
INFO: PeerServer 2 constructed
Jan 07, 2026 12:22:34 AM edu.yu.cs.com3800.stage5.PeerServerImpl <init>
INFO: PeerServer 3 constructed
Jan 07, 2026 12:22:34 AM edu.yu.cs.com3800.stage5.PeerServerImpl startHttpStatusServer
INFO: Peer 2 HTTP status server started on port 8125
Jan 07, 2026 12:22:34 AM edu.yu.cs.com3800.stage5.PeerServerImpl startHttpStatusServer
INFO: Peer 1 HTTP status server started on port 8115
Jan 07, 2026 12:22:34 AM edu.yu.cs.com3800.stage5.PeerServerImpl startHttpStatusServer
INFO: Peer 3 HTTP status server started on port 8135
Jan 07, 2026 12:22:34 AM edu.yu.cs.com3800.stage5.PeerServerImpl <init>
INFO: PeerServer 0 constructed
0: switching from LOOKING to OBSERVER
Jan 07, 2026 12:22:34 AM edu.yu.cs.com3800.stage5.GossipSenderThread run
INFO: GossipThread for 2 started.
Jan 07, 2026 12:22:34 AM edu.yu.cs.com3800.stage5.PeerServerImpl setPeerState
INFO: 0: switching from LOOKING to OBSERVER
Jan 07, 2026 12:22:34 AM edu.yu.cs.com3800.stage5.GossipSenderThread run
INFO: GossipThread for 3 started.
Jan 07, 2026 12:22:34 AM edu.yu.cs.com3800.stage5.GatewayServer run
INFO: GatewayServer thread started.
Jan 07, 2026 12:22:34 AM edu.yu.cs.com3800.stage5.GossipSenderThread run
INFO: GossipThread for 1 started.
Jan 07, 2026 12:22:34 AM edu.yu.cs.com3800.stage5.PeerServerImpl startHttpStatusServer
INFO: Peer 0 HTTP status server started on port 8145
Jan 07, 2026 12:22:34 AM edu.yu.cs.com3800.stage5.GossipSenderThread run
INFO: GossipThread for 0 started.
Jan 07, 2026 12:22:34 AM edu.yu.cs.com3800.UDPMessageReceiver run
SEVERE: Exiting UDPMessageReceiver.run()
Jan 07, 2026 12:22:34 AM edu.yu.cs.com3800.UDPMessageReceiver run
SEVERE: Exiting UDPMessageReceiver.run()
Jan 07, 2026 12:22:34 AM edu.yu.cs.com3800.UDPMessageReceiver run
SEVERE: failed to create receiving socket on 8030
java.net.BindException: Address already in use
	at java.base/sun.nio.ch.Net.bind0(Native Method)
	at java.base/sun.nio.ch.Net.bind(Net.java:565)
	at java.base/sun.nio.ch.DatagramChannelImpl.bindInternal(DatagramChannelImpl.java:1329)
	at java.base/sun.nio.ch.DatagramChannelImpl.bind(DatagramChannelImpl.java:1299)
	at java.base/sun.nio.ch.DatagramSocketAdaptor.bind(DatagramSocketAdaptor.java:108)
	at java.base/java.net.DatagramSocket.createDelegate(DatagramSocket.java:1425)
	at java.base/java.net.DatagramSocket.<init>(DatagramSocket.java:328)
	at edu.yu.cs.com3800.UDPMessageReceiver.run(UDPMessageReceiver.java:37)

Jan 07, 2026 12:22:34 AM edu.yu.cs.com3800.UDPMessageReceiver run
SEVERE: Exiting UDPMessageReceiver.run()
Jan 07, 2026 12:22:34 AM edu.yu.cs.com3800.UDPMessageReceiver run
SEVERE: failed to create receiving socket on 8020
java.net.BindException: Address already in use
	at java.base/sun.nio.ch.Net.bind0(Native Method)
	at java.base/sun.nio.ch.Net.bind(Net.java:565)
	at java.base/sun.nio.ch.DatagramChannelImpl.bindInternal(DatagramChannelImpl.java:1329)
	at java.base/sun.nio.ch.DatagramChannelImpl.bind(DatagramChannelImpl.java:1299)
	at java.base/sun.nio.ch.DatagramSocketAdaptor.bind(DatagramSocketAdaptor.java:108)
	at java.base/java.net.DatagramSocket.createDelegate(DatagramSocket.java:1425)
	at java.base/java.net.DatagramSocket.<init>(DatagramSocket.java:328)
	at edu.yu.cs.com3800.UDPMessageReceiver.run(UDPMessageReceiver.java:37)

Jan 07, 2026 12:22:34 AM edu.yu.cs.com3800.UDPMessageReceiver run
SEVERE: Exiting UDPMessageReceiver.run()
Jan 07, 2026 12:22:34 AM edu.yu.cs.com3800.stage5.PeerServerImpl shutdown
INFO: Server 2 shutting down.
Jan 07, 2026 12:22:34 AM edu.yu.cs.com3800.LeaderElection observeElectionAsGateway
INFO: Observer: watching election traffic…
Jan 07, 2026 12:22:34 AM edu.yu.cs.com3800.stage5.PeerServerImpl shutdown
INFO: Server 1 shutting down.
1: switching from LOOKING to FOLLOWING
Jan 07, 2026 12:22:37 AM edu.yu.cs.com3800.stage5.PeerServerImpl setPeerState
INFO: 1: switching from LOOKING to FOLLOWING
Jan 07, 2026 12:22:37 AM edu.yu.cs.com3800.LeaderElection acceptElectionWinner
INFO: Server 1 accepted election winner: leader=3, epoch=0, state=FOLLOWING
Jan 07, 2026 12:22:37 AM edu.yu.cs.com3800.LeaderElection observeElectionAsGateway
INFO: Observer: saw FOLLOWING message indicating leader 3
0: switching from OBSERVER to OBSERVER
Jan 07, 2026 12:22:37 AM edu.yu.cs.com3800.stage5.PeerServerImpl setPeerState
INFO: 0: switching from OBSERVER to OBSERVER
Jan 07, 2026 12:22:37 AM edu.yu.cs.com3800.LeaderElection finalizeObserverVote
INFO: Observer has learned the leader: 3 (epoch 0)
Jan 07, 2026 12:22:37 AM edu.yu.cs.com3800.stage5.PeerServerImpl startFollowerThread
INFO: Server 1: Started JavaRunnerFollower thread.
Jan 07, 2026 12:22:37 AM edu.yu.cs.com3800.stage5.JavaRunnerFollower run
INFO: JavaRunnerFollower started. Listening on TCP port 8012
Jan 07, 2026 12:22:37 AM edu.yu.cs.com3800.stage5.GatewayServer markLeaderAlive
INFO: Leader elected: 3
Jan 07, 2026 12:22:40 AM edu.yu.cs.com3800.stage5.CompileAndRunHandler handle
INFO: Gateway received /compileandrun request (ID=1)
Jan 07, 2026 12:22:40 AM edu.yu.cs.com3800.stage5.CompileAndRunHandler handle
INFO: Cache MISS for request ID 1 — enqueueing
Jan 07, 2026 12:22:40 AM edu.yu.cs.com3800.stage5.TCPServer run
WARNING: Received empty TCP request from /127.0.0.1. Closing connection.
Jan 07, 2026 12:22:40 AM edu.yu.cs.com3800.stage5.TCPServer run
INFO: TCPServer shutting down.
Jan 07, 2026 12:22:45 AM edu.yu.cs.com3800.stage5.GatewayServer sendToLeader
WARNING: Error sending to leader, requeueing
java.io.IOException: Empty response from leader
	at edu.yu.cs.com3800.stage5.GatewayServer.sendToLeader(GatewayServer.java:217)
	at edu.yu.cs.com3800.stage5.GatewayServer.enqueueRequest(GatewayServer.java:153)
	at edu.yu.cs.com3800.stage5.CompileAndRunHandler.handle(CompileAndRunHandler.java:80)
	at edu.yu.cs.com3800.stage5.GatewayServer.lambda$new$0(GatewayServer.java:82)
	at jdk.httpserver/com.sun.net.httpserver.Filter$Chain.doFilter(Filter.java:98)
	at jdk.httpserver/sun.net.httpserver.AuthFilter.doFilter(AuthFilter.java:82)
	at jdk.httpserver/com.sun.net.httpserver.Filter$Chain.doFilter(Filter.java:101)
	at jdk.httpserver/sun.net.httpserver.ServerImpl$Exchange$LinkHandler.handle(ServerImpl.java:871)
	at jdk.httpserver/com.sun.net.httpserver.Filter$Chain.doFilter(Filter.java:98)
	at jdk.httpserver/sun.net.httpserver.ServerImpl$Exchange.run(ServerImpl.java:847)
	at java.base/java.util.concurrent.ThreadPoolExecutor.runWorker(ThreadPoolExecutor.java:1144)
	at java.base/java.util.concurrent.ThreadPoolExecutor$Worker.run(ThreadPoolExecutor.java:642)
	at java.base/java.lang.Thread.run(Thread.java:1583)

3: no heartbeat from server 0 - SERVER FAILED
2: no heartbeat from server 0 - SERVER FAILED
Jan 07, 2026 12:23:04 AM edu.yu.cs.com3800.stage5.FailureDetectorThread run
INFO: 3: no heartbeat from server 0 - SERVER FAILED
3: no heartbeat from server 1 - SERVER FAILED
Jan 07, 2026 12:23:04 AM edu.yu.cs.com3800.stage5.FailureDetectorThread run
INFO: 3: no heartbeat from server 1 - SERVER FAILED
3: no heartbeat from server 2 - SERVER FAILED
Jan 07, 2026 12:23:04 AM edu.yu.cs.com3800.stage5.FailureDetectorThread run
INFO: 3: no heartbeat from server 2 - SERVER FAILED
Jan 07, 2026 12:23:04 AM edu.yu.cs.com3800.stage5.FailureDetectorThread run
INFO: 2: no heartbeat from server 0 - SERVER FAILED
2: no heartbeat from server 1 - SERVER FAILED
Jan 07, 2026 12:23:04 AM edu.yu.cs.com3800.stage5.FailureDetectorThread run
INFO: 2: no heartbeat from server 1 - SERVER FAILED
2: no heartbeat from server 3 - SERVER FAILED
Jan 07, 2026 12:23:04 AM edu.yu.cs.com3800.stage5.FailureDetectorThread run
INFO: 2: no heartbeat from server 3 - SERVER FAILED
0: no heartbeat from server 3 - SERVER FAILED
Jan 07, 2026 12:23:34 AM edu.yu.cs.com3800.stage5.FailureDetectorThread run
INFO: 0: no heartbeat from server 3 - SERVER FAILED
Jan 07, 2026 12:23:34 AM edu.yu.cs.com3800.stage5.PeerServerImpl reportFailedNode
INFO: 0: detected leader failure for leader=3
Jan 07, 2026 12:23:34 AM edu.yu.cs.com3800.stage5.PeerServerImpl reportFailedNode
INFO: 0: observer will re-learn leader
1: no heartbeat from server 2 - SERVER FAILED
Jan 07, 2026 12:23:34 AM edu.yu.cs.com3800.stage5.FailureDetectorThread run
INFO: 1: no heartbeat from server 2 - SERVER FAILED
Jan 07, 2026 12:23:34 AM edu.yu.cs.com3800.stage5.FailureDetectorThread run
INFO: 3: removing server 0 from heartbeat table after cleanup
Jan 07, 2026 12:23:34 AM edu.yu.cs.com3800.stage5.FailureDetectorThread run
INFO: 3: removing server 1 from heartbeat table after cleanup
Jan 07, 2026 12:23:34 AM edu.yu.cs.com3800.stage5.FailureDetectorThread run
INFO: 3: removing server 2 from heartbeat table after cleanup
Jan 07, 2026 12:23:34 AM edu.yu.cs.com3800.stage5.FailureDetectorThread run
INFO: 2: removing server 0 from heartbeat table after cleanup
Jan 07, 2026 12:23:34 AM edu.yu.cs.com3800.stage5.FailureDetectorThread run
INFO: 2: removing server 1 from heartbeat table after cleanup
Jan 07, 2026 12:23:34 AM edu.yu.cs.com3800.stage5.FailureDetectorThread run
INFO: 2: removing server 3 from heartbeat table after cleanup
Jan 07, 2026 12:23:34 AM edu.yu.cs.com3800.LeaderElection observeElectionAsGateway
INFO: Observer: watching election traffic…
Jan 07, 2026 12:23:34 AM edu.yu.cs.com3800.stage5.GatewayServer markLeaderDead
WARNING: Leader marked FAILED
0: no heartbeat from server 2 - SERVER FAILED
Jan 07, 2026 12:23:46 AM edu.yu.cs.com3800.stage5.FailureDetectorThread run
INFO: 0: no heartbeat from server 2 - SERVER FAILED
1: no heartbeat from server 3 - SERVER FAILED
Jan 07, 2026 12:23:46 AM edu.yu.cs.com3800.stage5.FailureDetectorThread run
INFO: 1: no heartbeat from server 3 - SERVER FAILED
Jan 07, 2026 12:23:46 AM edu.yu.cs.com3800.stage5.PeerServerImpl reportFailedNode
INFO: 1: detected leader failure for leader=3
Jan 07, 2026 12:23:46 AM edu.yu.cs.com3800.stage5.PeerServerImpl stopFollowerThread
INFO: Server 1: Stopped JavaRunnerFollower thread.
1: switching from FOLLOWING to LOOKING
Jan 07, 2026 12:23:46 AM edu.yu.cs.com3800.stage5.PeerServerImpl setPeerState
INFO: 1: switching from FOLLOWING to LOOKING
Jan 07, 2026 12:23:55 AM edu.yu.cs.com3800.LeaderElection observeElectionAsGateway
INFO: Observer: ignoring election message for failed leader 3
Jan 07, 2026 12:23:55 AM edu.yu.cs.com3800.LeaderElection observeElectionAsGateway
INFO: Observer: ignoring election message for failed leader 2
Jan 07, 2026 12:24:04 AM edu.yu.cs.com3800.stage5.FailureDetectorThread run
INFO: 0: removing server 3 from heartbeat table after cleanup
Jan 07, 2026 12:24:04 AM edu.yu.cs.com3800.stage5.FailureDetectorThread run
INFO: 1: removing server 2 from heartbeat table after cleanup
Jan 07, 2026 12:24:16 AM edu.yu.cs.com3800.stage5.FailureDetectorThread run
INFO: 0: removing server 2 from heartbeat table after cleanup
Jan 07, 2026 12:24:16 AM edu.yu.cs.com3800.stage5.FailureDetectorThread run
INFO: 1: removing server 3 from heartbeat table after cleanup
Jan 07, 2026 12:24:25 AM edu.yu.cs.com3800.LeaderElection observeElectionAsGateway
INFO: Observer: ignoring election message for failed leader 3
Jan 07, 2026 12:24:25 AM edu.yu.cs.com3800.LeaderElection observeElectionAsGateway
INFO: Observer: ignoring election message for failed leader 2
Jan 07, 2026 12:24:55 AM edu.yu.cs.com3800.LeaderElection observeElectionAsGateway
INFO: Observer: ignoring election message for failed leader 3
Jan 07, 2026 12:24:55 AM edu.yu.cs.com3800.LeaderElection observeElectionAsGateway
INFO: Observer: ignoring election message for failed leader 2
Jan 07, 2026 12:25:25 AM edu.yu.cs.com3800.LeaderElection observeElectionAsGateway
INFO: Observer: ignoring election message for failed leader 2
Jan 07, 2026 12:25:25 AM edu.yu.cs.com3800.LeaderElection observeElectionAsGateway
INFO: Observer: ignoring election message for failed leader 3
Jan 07, 2026 12:25:55 AM edu.yu.cs.com3800.LeaderElection observeElectionAsGateway
INFO: Observer: ignoring election message for failed leader 2
Jan 07, 2026 12:25:55 AM edu.yu.cs.com3800.LeaderElection observeElectionAsGateway
INFO: Observer: ignoring election message for failed leader 3
Jan 07, 2026 12:26:25 AM edu.yu.cs.com3800.LeaderElection observeElectionAsGateway
INFO: Observer: ignoring election message for failed leader 2
Jan 07, 2026 12:26:25 AM edu.yu.cs.com3800.LeaderElection observeElectionAsGateway
INFO: Observer: ignoring election message for failed leader 3
[INFO] 
[INFO] Results:
[INFO] 

=== Shutting down cluster ===
./demo5.sh: line 44: PEER_PIDS[@]: unbound variable
